Determining if the pthread_create exist failed with the following output:
Change Dir: /home/workspace/SFND_Lidar_Obstacle_Detection/build/CMakeFiles/CMakeTmp

Run Build Command:"/usr/bin/make" "cmTC_1287b/fast"
/usr/bin/make -f CMakeFiles/cmTC_1287b.dir/build.make CMakeFiles/cmTC_1287b.dir/build
make[1]: Entering directory '/home/workspace/SFND_Lidar_Obstacle_Detection/build/CMakeFiles/CMakeTmp'
Building C object CMakeFiles/cmTC_1287b.dir/CheckSymbolExists.c.o
/usr/bin/cc    -o CMakeFiles/cmTC_1287b.dir/CheckSymbolExists.c.o   -c /home/workspace/SFND_Lidar_Obstacle_Detection/build/CMakeFiles/CMakeTmp/CheckSymbolExists.c
Linking C executable cmTC_1287b
/usr/local/bin/cmake -E cmake_link_script CMakeFiles/cmTC_1287b.dir/link.txt --verbose=1
/usr/bin/cc      -rdynamic CMakeFiles/cmTC_1287b.dir/CheckSymbolExists.c.o  -o cmTC_1287b 
CMakeFiles/cmTC_1287b.dir/CheckSymbolExists.c.o: In function `main':
CheckSymbolExists.c:(.text+0x16): undefined reference to `pthread_create'
collect2: error: ld returned 1 exit status
CMakeFiles/cmTC_1287b.dir/build.make:86: recipe for target 'cmTC_1287b' failed
make[1]: *** [cmTC_1287b] Error 1
make[1]: Leaving directory '/home/workspace/SFND_Lidar_Obstacle_Detection/build/CMakeFiles/CMakeTmp'
Makefile:121: recipe for target 'cmTC_1287b/fast' failed
make: *** [cmTC_1287b/fast] Error 2

File /home/workspace/SFND_Lidar_Obstacle_Detection/build/CMakeFiles/CMakeTmp/CheckSymbolExists.c:
/* */
#include <pthread.h>

int main(int argc, char** argv)
{
  (void)argv;
#ifndef pthread_create
  return ((int*)(&pthread_create))[argc];
#else
  (void)argc;
  return 0;
#endif
}

Determining if the function pthread_create exists in the pthreads failed with the following output:
Change Dir: /home/workspace/SFND_Lidar_Obstacle_Detection/build/CMakeFiles/CMakeTmp

Run Build Command:"/usr/bin/make" "cmTC_86047/fast"
/usr/bin/make -f CMakeFiles/cmTC_86047.dir/build.make CMakeFiles/cmTC_86047.dir/build
make[1]: Entering directory '/home/workspace/SFND_Lidar_Obstacle_Detection/build/CMakeFiles/CMakeTmp'
Building C object CMakeFiles/cmTC_86047.dir/CheckFunctionExists.c.o
/usr/bin/cc   -DCHECK_FUNCTION_EXISTS=pthread_create   -o CMakeFiles/cmTC_86047.dir/CheckFunctionExists.c.o   -c /usr/local/share/cmake-3.13/Modules/CheckFunctionExists.c
Linking C executable cmTC_86047
/usr/local/bin/cmake -E cmake_link_script CMakeFiles/cmTC_86047.dir/link.txt --verbose=1
/usr/bin/cc  -DCHECK_FUNCTION_EXISTS=pthread_create    -rdynamic CMakeFiles/cmTC_86047.dir/CheckFunctionExists.c.o  -o cmTC_86047 -lpthreads 
/usr/bin/ld: cannot find -lpthreads
collect2: error: ld returned 1 exit status
CMakeFiles/cmTC_86047.dir/build.make:86: recipe for target 'cmTC_86047' failed
make[1]: *** [cmTC_86047] Error 1
make[1]: Leaving directory '/home/workspace/SFND_Lidar_Obstacle_Detection/build/CMakeFiles/CMakeTmp'
Makefile:121: recipe for target 'cmTC_86047/fast' failed
make: *** [cmTC_86047/fast] Error 2


